<?xml version="1.0" encoding="UTF-8"?>
<testng-results ignored="0" total="1" passed="1" failed="0" skipped="0">
  <reporter-output>
  </reporter-output>
  <suite started-at="2025-03-24T14:10:33 IST" name="Default suite" finished-at="2025-03-24T14:10:42 IST" duration-ms="9599">
    <groups>
    </groups>
    <test started-at="2025-03-24T14:10:33 IST" name="Default test" finished-at="2025-03-24T14:10:42 IST" duration-ms="9599">
      <class name="tests.ThankyouTest">
        <test-method is-config="true" signature="startReport()[pri:0, instance:tests.ThankyouTest@5524cca1]" started-at="2025-03-24T14:10:32 IST" name="startReport" finished-at="2025-03-24T14:10:33 IST" duration-ms="464" status="PASS">
          <reporter-output>
          </reporter-output>
        </test-method> <!-- startReport -->
        <test-method is-config="true" signature="setup()[pri:0, instance:tests.ThankyouTest@5524cca1]" started-at="2025-03-24T14:10:33 IST" name="setup" finished-at="2025-03-24T14:10:40 IST" duration-ms="7140" status="PASS">
          <reporter-output>
          </reporter-output>
        </test-method> <!-- setup -->
        <test-method is-config="true" signature="createTest(java.lang.reflect.Method)[pri:0, instance:tests.ThankyouTest@5524cca1]" started-at="2025-03-24T14:10:40 IST" name="createTest" finished-at="2025-03-24T14:10:40 IST" duration-ms="9" status="PASS">
          <params>
            <param index="0">
              <value>
                <![CDATA[public void tests.ThankyouTest.verifyThankyouPage()]]>
              </value>
            </param>
          </params>
          <reporter-output>
          </reporter-output>
        </test-method> <!-- createTest -->
        <test-method signature="verifyThankyouPage()[pri:0, instance:tests.ThankyouTest@5524cca1]" started-at="2025-03-24T14:10:40 IST" name="verifyThankyouPage" finished-at="2025-03-24T14:10:42 IST" duration-ms="1925" status="PASS">
          <reporter-output>
          </reporter-output>
        </test-method> <!-- verifyThankyouPage -->
        <test-method is-config="true" signature="tearDown(org.testng.ITestResult)[pri:0, instance:tests.ThankyouTest@5524cca1]" started-at="2025-03-24T14:10:42 IST" name="tearDown" finished-at="2025-03-24T14:10:42 IST" duration-ms="195" status="PASS">
          <params>
            <param index="0">
              <value>
                <![CDATA[[TestResult name=verifyThankyouPage status=SUCCESS method=ThankyouTest.verifyThankyouPage()[pri:0, instance:tests.ThankyouTest@5524cca1] output={null}]]]>
              </value>
            </param>
          </params>
          <reporter-output>
          </reporter-output>
        </test-method> <!-- tearDown -->
        <test-method is-config="true" signature="tearDown()[pri:0, instance:tests.ThankyouTest@5524cca1]" started-at="2025-03-24T14:10:42 IST" name="tearDown" finished-at="2025-03-24T14:10:42 IST" duration-ms="283" status="PASS">
          <reporter-output>
          </reporter-output>
        </test-method> <!-- tearDown -->
        <test-method is-config="true" signature="endReport()[pri:0, instance:tests.ThankyouTest@5524cca1]" started-at="2025-03-24T14:10:42 IST" name="endReport" finished-at="2025-03-24T14:10:43 IST" duration-ms="425" status="PASS">
          <reporter-output>
          </reporter-output>
        </test-method> <!-- endReport -->
      </class> <!-- tests.ThankyouTest -->
    </test> <!-- Default test -->
  </suite> <!-- Default suite -->
</testng-results>
